c:\users\yuliya\source\repos\cis427project1\project1\project1\x64\debug\vc143.pdb
c:\users\yuliya\source\repos\cis427project1\project1\project1\x64\debug\vc143.idb
c:\users\yuliya\source\repos\cis427project1\project1\project1\x64\debug\sqlite3.obj
c:\users\yuliya\source\repos\cis427project1\project1\project1\x64\debug\project1.obj
c:\users\yuliya\source\repos\cis427project2\cis427project1\project1\project1\x64\debug\vc143.pdb
c:\users\yuliya\source\repos\cis427project2\cis427project1\project1\project1\x64\debug\vc143.idb
c:\users\yuliya\source\repos\cis427project2\cis427project1\project1\project1\x64\debug\sqlite3.obj
c:\users\yuliya\source\repos\cis427project2\cis427project1\project1\project1\x64\debug\dbutility.obj
c:\users\yuliya\source\repos\cis427project2\cis427project1\project1\project1\x64\debug\server.obj
c:\users\yuliya\source\repos\cis427project1\project1\x64\debug\project1.exe
c:\users\yuliya\source\repos\cis427project1\project1\x64\debug\project1.pdb
c:\users\yuliya\source\repos\cis427project1\project1\project1\x64\debug\project1.ilk
c:\users\yuliya\source\repos\cis427project2\cis427project1\project1\project1\x64\debug\client.obj
c:\users\yuliya\source\repos\cis427project2\cis427project1\project1\project1\x64\debug\project1.obj
c:\users\yuliya\source\repos\cis427project2\cis427project1\project1\x64\debug\project1.pdb
c:\users\yuliya\source\repos\cis427project2\cis427project1\project1\project1\x64\debug\project1.tlog\cl.command.1.tlog
c:\users\yuliya\source\repos\cis427project2\cis427project1\project1\project1\x64\debug\project1.tlog\cl.items.tlog
c:\users\yuliya\source\repos\cis427project2\cis427project1\project1\project1\x64\debug\project1.tlog\cl.read.1.tlog
c:\users\yuliya\source\repos\cis427project2\cis427project1\project1\project1\x64\debug\project1.tlog\cl.write.1.tlog
c:\users\yuliya\source\repos\cis427project2\cis427project1\project1\project1\x64\debug\project1.tlog\link-cvtres.read.1.tlog
c:\users\yuliya\source\repos\cis427project2\cis427project1\project1\project1\x64\debug\project1.tlog\link-cvtres.write.1.tlog
c:\users\yuliya\source\repos\cis427project2\cis427project1\project1\project1\x64\debug\project1.tlog\link-rc.read.1.tlog
c:\users\yuliya\source\repos\cis427project2\cis427project1\project1\project1\x64\debug\project1.tlog\link-rc.write.1.tlog
c:\users\yuliya\source\repos\cis427project2\cis427project1\project1\project1\x64\debug\project1.tlog\link.command.1.tlog
c:\users\yuliya\source\repos\cis427project2\cis427project1\project1\project1\x64\debug\project1.tlog\link.read.1.tlog
c:\users\yuliya\source\repos\cis427project2\cis427project1\project1\project1\x64\debug\project1.tlog\link.read.2.tlog
c:\users\yuliya\source\repos\cis427project2\cis427project1\project1\project1\x64\debug\project1.tlog\link.secondary.1.tlog
c:\users\yuliya\source\repos\cis427project2\cis427project1\project1\project1\x64\debug\project1.tlog\link.write.1.tlog
